Build started 2017/10/10 0:43:53.
     1>Project "C:\msys64\home\Yuta\kinect\myproject\kinect_xbox360_1\kinect_app1\kinect_app1\kinect_app1.vcxproj" on node 2 (build target(s)).
     1>InitializeBuildStatus:
         Creating "Debug\kinect_app1.unsuccessfulbuild" because "AlwaysCreate" was specified.
       ClCompile:
         C:\Program Files (x86)\Microsoft Visual Studio 10.0\VC\bin\CL.exe /c /I"C:\Program Files\Microsoft SDKs\Kinect\v1.8\\inc" /I"C:\opencv-3.3.0\build\install\include" /ZI /nologo /W3 /WX- /Od /Oy- /D WIN32 /D _DEBUG /D _CONSOLE /D _UNICODE /D UNICODE /Gm /EHsc /RTC1 /MDd /GS /fp:precise /Zc:wchar_t /Zc:forScope /Fo"Debug\\" /Fd"Debug\vc100.pdb" /Gd /TP /analyze- /errorReport:prompt Main.cpp
         Main.cpp
     1>c:\msys64\home\yuta\kinect\myproject\kinect_xbox360_1\kinect_app1\kinect_app1\main.cpp(168): warning C4018: '<' : signed/unsigned mismatch
       ManifestResourceCompile:
         All outputs are up-to-date.
       Link:
         C:\Program Files (x86)\Microsoft Visual Studio 10.0\VC\bin\link.exe /ERRORREPORT:PROMPT /OUT:"C:\msys64\home\Yuta\kinect\myproject\kinect_xbox360_1\kinect_app1\Debug\kinect_app1.exe" /INCREMENTAL /NOLOGO /LIBPATH:"C:\Program Files\Microsoft SDKs\Kinect\v1.8\lib\x86" /LIBPATH:"C:\opencv-3.3.0\build\install\x86\vc10\lib" Kinect10.lib opencv_core330d.lib opencv_highgui330d.lib opencv_calib3d330d.lib opencv_dnn330d.lib opencv_features2d330d.lib opencv_flann330d.lib opencv_imgcodecs330d.lib opencv_imgproc330d.lib opencv_ml330d.lib opencv_objdetect330d.lib opencv_photo330d.lib opencv_shape330d.lib opencv_stitching330d.lib opencv_superres330d.lib opencv_video330d.lib opencv_videoio330d.lib opencv_videostab330d.lib kernel32.lib user32.lib gdi32.lib winspool.lib comdlg32.lib advapi32.lib shell32.lib ole32.lib oleaut32.lib uuid.lib odbc32.lib odbccp32.lib /MANIFEST /ManifestFile:"Debug\kinect_app1.exe.intermediate.manifest" /MANIFESTUAC:"level='asInvoker' uiAccess='false'" /DEBUG /PDB:"C:\msys64\home\Yuta\kinect\myproject\kinect_xbox360_1\kinect_app1\Debug\kinect_app1.pdb" /SUBSYSTEM:CONSOLE /TLBID:1 /DYNAMICBASE /NXCOMPAT /IMPLIB:"C:\msys64\home\Yuta\kinect\myproject\kinect_xbox360_1\kinect_app1\Debug\kinect_app1.lib" /MACHINE:X86 Debug\kinect_app1.exe.embed.manifest.res
         Debug\Main.obj
       Manifest:
         C:\Program Files (x86)\Microsoft SDKs\Windows\v7.0A\bin\mt.exe /nologo /verbose /out:"Debug\kinect_app1.exe.embed.manifest" /manifest Debug\kinect_app1.exe.intermediate.manifest
         All outputs are up-to-date.
       LinkEmbedManifest:
         All outputs are up-to-date.
         kinect_app1.vcxproj -> C:\msys64\home\Yuta\kinect\myproject\kinect_xbox360_1\kinect_app1\Debug\kinect_app1.exe
       FinalizeBuildStatus:
         Deleting file "Debug\kinect_app1.unsuccessfulbuild".
         Touching "Debug\kinect_app1.lastbuildstate".
     1>Done Building Project "C:\msys64\home\Yuta\kinect\myproject\kinect_xbox360_1\kinect_app1\kinect_app1\kinect_app1.vcxproj" (build target(s)).

Build succeeded.

Time Elapsed 00:00:04.03
